[2023-01-20 07:01:02 : INFO] - Re_Smush_It_Task with attachment ID : 19221, autocreated on : January 20, 2023 07:01:02 
[2023-01-25 10:59:02 : INFO] - Re_Smush_It_Task with attachment ID : 19242, autocreated on : January 25, 2023 10:59:02 
[2023-01-25 10:59:02 : INFO] - Re_Smush_It_Task with attachment ID : 19243, autocreated on : January 25, 2023 10:59:02 
[2023-01-25 10:59:03 : INFO] - Re_Smush_It_Task with attachment ID : 19244, autocreated on : January 25, 2023 10:59:03 
[2023-01-25 10:59:03 : INFO] - Re_Smush_It_Task with attachment ID : 19245, autocreated on : January 25, 2023 10:59:03 
[2023-01-25 11:05:17 : INFO] - 
 
[2023-01-25 11:05:17 : INFO] - Header for logs at time:  Wed, 25 Jan 2023 11:05:17 +0000 on https://modcasa.ae 
[2023-01-25 11:05:17 : INFO] - WP: 6.1.1 
[2023-01-25 11:05:17 : INFO] - PHP: 8.0.27 (fpm-fcgi, Linux mailer.wezni.com 3.10.0-1160.66.1.el7.x86_64 #1 SMP Wed May 18 16:02:34 UTC 2022 x86_64) 
[2023-01-25 11:05:17 : INFO] - MySQL: 5.7.41 
[2023-01-25 11:05:17 : INFO] - WPLANG: en_US 
[2023-01-25 11:05:17 : INFO] - Server: Apache 
[2023-01-25 11:05:17 : INFO] - Outbound connections: N 
[2023-01-25 11:05:17 : INFO] - safe_mode: 0 
[2023-01-25 11:05:17 : INFO] - max_execution_time: 30 
[2023-01-25 11:05:17 : INFO] - memory_limit: 256M (used: 15.1M | 16M) 
[2023-01-25 11:05:17 : INFO] - multisite: N 
[2023-01-25 11:05:17 : INFO] - openssl: OpenSSL 1.1.1s  1 Nov 2022 
[2023-01-25 11:05:17 : INFO] - A total of 5 tasks of type smush found and will be processed in this iteration 
[2023-01-25 11:05:17 : DEBUG] - Lock option (updraft_lock_smush, wpoptions) was created in the database 
[2023-01-25 11:05:17 : INFO] - Lock (updraft_lock_smush, wpoptions) acquired after initialising the database 
[2023-01-25 11:05:17 : INFO] - Processing task with ID : 1, and type 'smush' 
[2023-01-25 11:05:17 : INFO] - Re_Smush_It_Task with attachment ID : 19221, autocreated on : January 20, 2023 07:01:02 
[2023-01-25 11:05:17 : INFO] - 60 
[2023-01-25 11:05:18 : INFO] - Backing up the original image - 2023/01/logo_modcasa_color-updraft-pre-smush-original.png 
[2023-01-25 11:05:18 : INFO] - Re_Smush_It_Task with attachment ID : 19221, autocreated on : January 20, 2023 07:01:02 
[2023-01-25 11:05:18 : INFO] - 60 
[2023-01-25 11:05:19 : INFO] - Successfully optimized the image - /home/demohouzez/public_html/modcasa/wp-content/uploads/2023/01/logo_modcasa_color.png.The file was compressed from 2.92 KB to 2.92 KB saving 0 percent using WP-Optimize 
[2023-01-25 11:05:19 : INFO] - Completed processing task with ID : 1, and type 'smush' 
[2023-01-25 11:05:19 : INFO] - Processing task with ID : 2, and type 'smush' 
[2023-01-25 11:05:19 : INFO] - Re_Smush_It_Task with attachment ID : 19242, autocreated on : January 25, 2023 10:59:02 
[2023-01-25 11:05:19 : INFO] - 60 
[2023-01-25 11:05:20 : INFO] - Backing up the original image - 2023/01/logo-modcasa_color-updraft-pre-smush-original.png 
[2023-01-25 11:05:20 : INFO] - Re_Smush_It_Task with attachment ID : 19242, autocreated on : January 25, 2023 10:59:02 
[2023-01-25 11:05:20 : INFO] - 60 
[2023-01-25 11:05:21 : INFO] - Successfully optimized the image - /home/demohouzez/public_html/modcasa/wp-content/uploads/2023/01/logo-modcasa_color.png.The file was compressed from 1.61 KB to 1.61 KB saving 0 percent using WP-Optimize 
[2023-01-25 11:05:21 : INFO] - Completed processing task with ID : 2, and type 'smush' 
[2023-01-25 11:05:21 : INFO] - Processing task with ID : 3, and type 'smush' 
[2023-01-25 11:05:21 : INFO] - Re_Smush_It_Task with attachment ID : 19243, autocreated on : January 25, 2023 10:59:02 
[2023-01-25 11:05:21 : INFO] - 60 
[2023-01-25 11:05:22 : INFO] - Backing up the original image - 2023/01/logo-modcasa_color@2x-updraft-pre-smush-original.png 
[2023-01-25 11:05:22 : INFO] - Re_Smush_It_Task with attachment ID : 19243, autocreated on : January 25, 2023 10:59:02 
[2023-01-25 11:05:22 : INFO] - 60 
[2023-01-25 11:05:23 : INFO] - Successfully optimized the image - /home/demohouzez/public_html/modcasa/wp-content/uploads/2023/01/logo-modcasa_color@2x.png.The file was compressed from 3.60 KB to 3.60 KB saving 0 percent using WP-Optimize 
[2023-01-25 11:05:23 : INFO] - Completed processing task with ID : 3, and type 'smush' 
[2023-01-25 11:05:23 : INFO] - Processing task with ID : 4, and type 'smush' 
[2023-01-25 11:05:23 : INFO] - Re_Smush_It_Task with attachment ID : 19244, autocreated on : January 25, 2023 10:59:03 
[2023-01-25 11:05:23 : INFO] - 60 
[2023-01-25 11:05:24 : INFO] - Backing up the original image - 2023/01/logo-modcasa_white-updraft-pre-smush-original.png 
[2023-01-25 11:05:24 : INFO] - Re_Smush_It_Task with attachment ID : 19244, autocreated on : January 25, 2023 10:59:03 
[2023-01-25 11:05:24 : INFO] - 60 
[2023-01-25 11:05:24 : INFO] - Successfully optimized the image - /home/demohouzez/public_html/modcasa/wp-content/uploads/2023/01/logo-modcasa_white.png.The file was compressed from 1.10 KB to 1.10 KB saving 0 percent using WP-Optimize 
[2023-01-25 11:05:24 : INFO] - Completed processing task with ID : 4, and type 'smush' 
[2023-01-25 11:05:24 : INFO] - Processing task with ID : 5, and type 'smush' 
[2023-01-25 11:05:24 : INFO] - Re_Smush_It_Task with attachment ID : 19245, autocreated on : January 25, 2023 10:59:03 
[2023-01-25 11:05:24 : INFO] - 60 
[2023-01-25 11:05:25 : INFO] - Backing up the original image - 2023/01/logo-modcasa_white@2x-updraft-pre-smush-original.png 
[2023-01-25 11:05:25 : INFO] - Re_Smush_It_Task with attachment ID : 19245, autocreated on : January 25, 2023 10:59:03 
[2023-01-25 11:05:25 : INFO] - 60 
[2023-01-25 11:05:26 : INFO] - Successfully optimized the image - /home/demohouzez/public_html/modcasa/wp-content/uploads/2023/01/logo-modcasa_white@2x.png.The file was compressed from 2.13 KB to 2.13 KB saving 0 percent using WP-Optimize 
[2023-01-25 11:05:26 : INFO] - Completed processing task with ID : 5, and type 'smush' 
[2023-01-25 11:05:26 : INFO] - Lock option (updraft_lock_smush, wpoptions) released 
[2023-01-25 11:05:26 : INFO] - Successfully processed the queue (smush). 5 tasks were processed out of 5. 
[2023-01-25 11:05:26 : INFO] - Lock option (updraft_lock_smush, wpoptions) was deleted from the database 
[2023-01-25 11:05:26 : INFO] - Cleaning up tasks of type (smush). A total of 5 tasks will be deleted. 
[2023-01-25 11:09:13 : INFO] - Re_Smush_It_Task with attachment ID : 19246, autocreated on : January 25, 2023 11:09:13 
[2023-01-25 11:17:09 : INFO] - 
 
[2023-01-25 11:17:09 : INFO] - Header for logs at time:  Wed, 25 Jan 2023 11:17:09 +0000 on https://modcasa.ae 
[2023-01-25 11:17:09 : INFO] - WP: 6.1.1 
[2023-01-25 11:17:09 : INFO] - PHP: 8.0.27 (fpm-fcgi, Linux mailer.wezni.com 3.10.0-1160.66.1.el7.x86_64 #1 SMP Wed May 18 16:02:34 UTC 2022 x86_64) 
[2023-01-25 11:17:09 : INFO] - MySQL: 5.7.41 
[2023-01-25 11:17:09 : INFO] - WPLANG: en_US 
[2023-01-25 11:17:09 : INFO] - Server: Apache 
[2023-01-25 11:17:09 : INFO] - Outbound connections: N 
[2023-01-25 11:17:09 : INFO] - safe_mode: 0 
[2023-01-25 11:17:09 : INFO] - max_execution_time: 30 
[2023-01-25 11:17:09 : INFO] - memory_limit: 256M (used: 14.6M | 16M) 
[2023-01-25 11:17:09 : INFO] - multisite: N 
[2023-01-25 11:17:09 : INFO] - openssl: OpenSSL 1.1.1s  1 Nov 2022 
[2023-01-25 11:17:09 : INFO] - A total of 1 tasks of type smush found and will be processed in this iteration 
[2023-01-25 11:17:09 : DEBUG] - Lock option (updraft_lock_smush, wpoptions) was created in the database 
[2023-01-25 11:17:09 : INFO] - Lock (updraft_lock_smush, wpoptions) acquired after initialising the database 
[2023-01-25 11:17:09 : INFO] - Processing task with ID : 6, and type 'smush' 
[2023-01-25 11:17:09 : INFO] - Re_Smush_It_Task with attachment ID : 19246, autocreated on : January 25, 2023 11:09:13 
[2023-01-25 11:17:09 : INFO] - 60 
[2023-01-25 11:17:10 : INFO] - Backing up the original image - 2023/01/favicon-modcasa-updraft-pre-smush-original.png 
[2023-01-25 11:17:10 : INFO] - Successfully optimized the image - /home/demohouzez/public_html/modcasa/wp-content/uploads/2023/01/favicon-modcasa.png.The file was compressed from 544 bytes to 544 bytes saving 0 percent using WP-Optimize 
[2023-01-25 11:17:10 : INFO] - Completed processing task with ID : 6, and type 'smush' 
[2023-01-25 11:17:10 : INFO] - Lock option (updraft_lock_smush, wpoptions) released 
[2023-01-25 11:17:10 : INFO] - Successfully processed the queue (smush). 1 tasks were processed out of 1. 
[2023-01-25 11:17:10 : INFO] - Lock option (updraft_lock_smush, wpoptions) was deleted from the database 
[2023-01-25 11:17:10 : INFO] - Cleaning up tasks of type (smush). A total of 1 tasks will be deleted. 
[2023-01-25 11:27:14 : INFO] - 
 
[2023-01-25 11:27:14 : INFO] - Header for logs at time:  Wed, 25 Jan 2023 11:27:14 +0000 on https://modcasa.ae 
[2023-01-25 11:27:14 : INFO] - WP: 6.1.1 
[2023-01-25 11:27:14 : INFO] - PHP: 8.0.27 (fpm-fcgi, Linux mailer.wezni.com 3.10.0-1160.66.1.el7.x86_64 #1 SMP Wed May 18 16:02:34 UTC 2022 x86_64) 
[2023-01-25 11:27:14 : INFO] - MySQL: 5.7.41 
[2023-01-25 11:27:14 : INFO] - WPLANG: en_US 
[2023-01-25 11:27:14 : INFO] - Server: Apache 
[2023-01-25 11:27:14 : INFO] - Outbound connections: N 
[2023-01-25 11:27:14 : INFO] - safe_mode: 0 
[2023-01-25 11:27:14 : INFO] - max_execution_time: 30 
[2023-01-25 11:27:14 : INFO] - memory_limit: 256M (used: 15.1M | 16M) 
[2023-01-25 11:27:14 : INFO] - multisite: N 
[2023-01-25 11:27:14 : INFO] - openssl: OpenSSL 1.1.1s  1 Nov 2022 
[2023-01-25 11:27:14 : INFO] - The queue for tasks of type "smush" is empty. Aborting! 
[2023-01-25 11:35:53 : INFO] - Re_Smush_It_Task with attachment ID : 19249, autocreated on : January 25, 2023 11:35:53 
[2023-01-25 11:41:04 : INFO] - 
 
[2023-01-25 11:41:04 : INFO] - Header for logs at time:  Wed, 25 Jan 2023 11:41:04 +0000 on https://modcasa.ae 
[2023-01-25 11:41:04 : INFO] - WP: 6.1.1 
[2023-01-25 11:41:04 : INFO] - PHP: 8.0.27 (fpm-fcgi, Linux mailer.wezni.com 3.10.0-1160.66.1.el7.x86_64 #1 SMP Wed May 18 16:02:34 UTC 2022 x86_64) 
[2023-01-25 11:41:04 : INFO] - MySQL: 5.7.41 
[2023-01-25 11:41:04 : INFO] - WPLANG: en_US 
[2023-01-25 11:41:04 : INFO] - Server: Apache 
[2023-01-25 11:41:04 : INFO] - Outbound connections: N 
[2023-01-25 11:41:04 : INFO] - safe_mode: 0 
[2023-01-25 11:41:04 : INFO] - max_execution_time: 30 
[2023-01-25 11:41:04 : INFO] - memory_limit: 256M (used: 14.7M | 16M) 
[2023-01-25 11:41:04 : INFO] - multisite: N 
[2023-01-25 11:41:04 : INFO] - openssl: OpenSSL 1.1.1s  1 Nov 2022 
[2023-01-25 11:41:04 : INFO] - A total of 1 tasks of type smush found and will be processed in this iteration 
[2023-01-25 11:41:04 : DEBUG] - Lock option (updraft_lock_smush, wpoptions) was created in the database 
[2023-01-25 11:41:04 : INFO] - Lock (updraft_lock_smush, wpoptions) acquired after initialising the database 
[2023-01-25 11:41:04 : INFO] - Processing task with ID : 7, and type 'smush' 
[2023-01-25 11:41:04 : INFO] - Re_Smush_It_Task with attachment ID : 19249, autocreated on : January 25, 2023 11:35:53 
[2023-01-25 11:41:04 : INFO] - 60 
[2023-01-25 11:41:05 : INFO] - Backing up the original image - 2022/10/148-X-48-Modcasa-02-updraft-pre-smush-original.png 
[2023-01-25 11:41:05 : INFO] - Re_Smush_It_Task with attachment ID : 19249, autocreated on : January 25, 2023 11:35:53 
[2023-01-25 11:41:05 : INFO] - 60 
[2023-01-25 11:41:06 : INFO] - Re_Smush_It_Task with attachment ID : 19249, autocreated on : January 25, 2023 11:35:53 
[2023-01-25 11:41:06 : INFO] - 60 
[2023-01-25 11:41:07 : INFO] - Successfully optimized the image - /home/demohouzez/public_html/modcasa/wp-content/uploads/2022/10/148-X-48-Modcasa-02.png.The file was compressed from 3.32 KB to 3.32 KB saving 0 percent using WP-Optimize 
[2023-01-25 11:41:07 : INFO] - Completed processing task with ID : 7, and type 'smush' 
[2023-01-25 11:41:07 : INFO] - Lock option (updraft_lock_smush, wpoptions) released 
[2023-01-25 11:41:07 : INFO] - Successfully processed the queue (smush). 1 tasks were processed out of 1. 
[2023-01-25 11:41:07 : INFO] - Lock option (updraft_lock_smush, wpoptions) was deleted from the database 
[2023-01-25 11:41:07 : INFO] - Cleaning up tasks of type (smush). A total of 1 tasks will be deleted. 
[2023-01-25 11:52:51 : INFO] - 
 
[2023-01-25 11:52:51 : INFO] - Header for logs at time:  Wed, 25 Jan 2023 11:52:51 +0000 on https://modcasa.ae 
[2023-01-25 11:52:51 : INFO] - WP: 6.1.1 
[2023-01-25 11:52:51 : INFO] - PHP: 8.0.27 (fpm-fcgi, Linux mailer.wezni.com 3.10.0-1160.66.1.el7.x86_64 #1 SMP Wed May 18 16:02:34 UTC 2022 x86_64) 
[2023-01-25 11:52:51 : INFO] - MySQL: 5.7.41 
[2023-01-25 11:52:51 : INFO] - WPLANG: en_US 
[2023-01-25 11:52:51 : INFO] - Server: Apache 
[2023-01-25 11:52:51 : INFO] - Outbound connections: N 
[2023-01-25 11:52:51 : INFO] - safe_mode: 0 
[2023-01-25 11:52:51 : INFO] - max_execution_time: 30 
[2023-01-25 11:52:51 : INFO] - memory_limit: 256M (used: 15.1M | 16M) 
[2023-01-25 11:52:51 : INFO] - multisite: N 
[2023-01-25 11:52:51 : INFO] - openssl: OpenSSL 1.1.1s  1 Nov 2022 
[2023-01-25 11:52:51 : INFO] - The queue for tasks of type "smush" is empty. Aborting! 
[2023-01-28 10:27:17 : INFO] - Re_Smush_It_Task with attachment ID : 19253, autocreated on : January 28, 2023 10:27:17 
[2023-01-28 10:32:29 : INFO] - 
 
[2023-01-28 10:32:29 : INFO] - Header for logs at time:  Sat, 28 Jan 2023 10:32:29 +0000 on https://modcasa.ae 
[2023-01-28 10:32:29 : INFO] - WP: 6.1.1 
[2023-01-28 10:32:29 : INFO] - PHP: 8.0.27 (fpm-fcgi, Linux mailer.wezni.com 3.10.0-1160.66.1.el7.x86_64 #1 SMP Wed May 18 16:02:34 UTC 2022 x86_64) 
[2023-01-28 10:32:29 : INFO] - MySQL: 5.7.41 
[2023-01-28 10:32:29 : INFO] - WPLANG: en_US 
[2023-01-28 10:32:29 : INFO] - Server: Apache 
[2023-01-28 10:32:29 : INFO] - Outbound connections: N 
[2023-01-28 10:32:29 : INFO] - safe_mode: 0 
[2023-01-28 10:32:29 : INFO] - max_execution_time: 30 
[2023-01-28 10:32:29 : INFO] - memory_limit: 256M (used: 15.2M | 16M) 
[2023-01-28 10:32:29 : INFO] - multisite: N 
[2023-01-28 10:32:29 : INFO] - openssl: OpenSSL 1.1.1s  1 Nov 2022 
[2023-01-28 10:32:29 : INFO] - A total of 1 tasks of type smush found and will be processed in this iteration 
[2023-01-28 10:32:29 : DEBUG] - Lock option (updraft_lock_smush, wpoptions) was created in the database 
[2023-01-28 10:32:29 : INFO] - Lock (updraft_lock_smush, wpoptions) acquired after initialising the database 
[2023-01-28 10:32:29 : INFO] - Processing task with ID : 8, and type 'smush' 
[2023-01-28 10:32:29 : INFO] - Re_Smush_It_Task with attachment ID : 19253, autocreated on : January 28, 2023 10:27:17 
[2023-01-28 10:32:29 : INFO] - 60 
[2023-01-28 10:32:30 : INFO] - Backing up the original image - 2023/01/modcasa-logo-white-updraft-pre-smush-original.png 
[2023-01-28 10:32:30 : INFO] - Re_Smush_It_Task with attachment ID : 19253, autocreated on : January 28, 2023 10:27:17 
[2023-01-28 10:32:30 : INFO] - 60 
[2023-01-28 10:32:31 : INFO] - Successfully optimized the image - /home/demohouzez/public_html/modcasa/wp-content/uploads/2023/01/modcasa-logo-white.png.The file was compressed from 2.06 KB to 2.06 KB saving 0 percent using WP-Optimize 
[2023-01-28 10:32:31 : INFO] - Completed processing task with ID : 8, and type 'smush' 
[2023-01-28 10:32:31 : INFO] - Lock option (updraft_lock_smush, wpoptions) released 
[2023-01-28 10:32:31 : INFO] - Successfully processed the queue (smush). 1 tasks were processed out of 1. 
[2023-01-28 10:32:31 : INFO] - Lock option (updraft_lock_smush, wpoptions) was deleted from the database 
[2023-01-28 10:32:31 : INFO] - Cleaning up tasks of type (smush). A total of 1 tasks will be deleted. 
[2023-01-28 10:42:50 : INFO] - 
 
[2023-01-28 10:42:50 : INFO] - Header for logs at time:  Sat, 28 Jan 2023 10:42:50 +0000 on https://modcasa.ae 
[2023-01-28 10:42:50 : INFO] - WP: 6.1.1 
[2023-01-28 10:42:50 : INFO] - PHP: 8.0.27 (fpm-fcgi, Linux mailer.wezni.com 3.10.0-1160.66.1.el7.x86_64 #1 SMP Wed May 18 16:02:34 UTC 2022 x86_64) 
[2023-01-28 10:42:50 : INFO] - MySQL: 5.7.41 
[2023-01-28 10:42:50 : INFO] - WPLANG: en_US 
[2023-01-28 10:42:50 : INFO] - Server: Apache 
[2023-01-28 10:42:50 : INFO] - Outbound connections: N 
[2023-01-28 10:42:50 : INFO] - safe_mode: 0 
[2023-01-28 10:42:50 : INFO] - max_execution_time: 30 
[2023-01-28 10:42:50 : INFO] - memory_limit: 256M (used: 14.7M | 16M) 
[2023-01-28 10:42:50 : INFO] - multisite: N 
[2023-01-28 10:42:50 : INFO] - openssl: OpenSSL 1.1.1s  1 Nov 2022 
[2023-01-28 10:42:50 : INFO] - The queue for tasks of type "smush" is empty. Aborting! 
